2021-10-28 10:27:19.309  INFO 11652 --- [restartedMain] tn.esprit.spring.FournisseurApplication  : Starting FournisseurApplication using Java 1.8.0_45 on DESKTOP-T8A9FGG with PID 11652 (C:\Users\E480\Documents\fournisseur\target\classes started by E480 in C:\Users\E480\Documents\fournisseur)
2021-10-28 10:27:19.311  INFO 11652 --- [restartedMain] tn.esprit.spring.FournisseurApplication  : No active profile set, falling back to default profiles: default
2021-10-28 10:27:19.494  INFO 11652 --- [restartedMain] .e.DevToolsPropertyDefaultsPostProcessor : Devtools property defaults active! Set 'spring.devtools.add-properties' to 'false' to disable
2021-10-28 10:27:19.495  INFO 11652 --- [restartedMain] .e.DevToolsPropertyDefaultsPostProcessor : For additional web related logging consider setting the 'logging.level.web' property to 'DEBUG'
2021-10-28 10:27:22.089  INFO 11652 --- [restartedMain] .s.d.r.c.RepositoryConfigurationDelegate : Bootstrapping Spring Data JPA repositories in DEFAULT mode.
2021-10-28 10:27:22.215  INFO 11652 --- [restartedMain] .s.d.r.c.RepositoryConfigurationDelegate : Finished Spring Data repository scanning in 111 ms. Found 1 JPA repository interfaces.
2021-10-28 10:27:22.642 ERROR 11652 --- [restartedMain] o.s.boot.SpringApplication               : Application run failed

java.lang.NoClassDefFoundError: javax/persistence/EntityManagerFactory
	at org.springframework.data.jpa.util.BeanDefinitionUtils.<clinit>(BeanDefinitionUtils.java:57) ~[spring-data-jpa-2.5.6.jar:2.5.6]
	at org.springframework.data.jpa.repository.support.EntityManagerBeanDefinitionRegistrarPostProcessor.postProcessBeanFactory(EntityManagerBeanDefinitionRegistrarPostProcessor.java:71) ~[spring-data-jpa-2.5.6.jar:2.5.6]
	at org.springframework.context.support.PostProcessorRegistrationDelegate.invokeBeanFactoryPostProcessors(PostProcessorRegistrationDelegate.java:325) ~[spring-context-5.3.12.jar:5.3.12]
	at org.springframework.context.support.PostProcessorRegistrationDelegate.invokeBeanFactoryPostProcessors(PostProcessorRegistrationDelegate.java:191) ~[spring-context-5.3.12.jar:5.3.12]
	at org.springframework.context.support.AbstractApplicationContext.invokeBeanFactoryPostProcessors(AbstractApplicationContext.java:746) ~[spring-context-5.3.12.jar:5.3.12]
	at org.springframework.context.support.AbstractApplicationContext.refresh(AbstractApplicationContext.java:564) ~[spring-context-5.3.12.jar:5.3.12]
	at org.springframework.boot.web.servlet.context.ServletWebServerApplicationContext.refresh(ServletWebServerApplicationContext.java:145) ~[spring-boot-2.5.6.jar:2.5.6]
	at org.springframework.boot.SpringApplication.refresh(SpringApplication.java:754) [spring-boot-2.5.6.jar:2.5.6]
	at org.springframework.boot.SpringApplication.refreshContext(SpringApplication.java:434) [spring-boot-2.5.6.jar:2.5.6]
	at org.springframework.boot.SpringApplication.run(SpringApplication.java:338) [spring-boot-2.5.6.jar:2.5.6]
	at org.springframework.boot.SpringApplication.run(SpringApplication.java:1343) [spring-boot-2.5.6.jar:2.5.6]
	at org.springframework.boot.SpringApplication.run(SpringApplication.java:1332) [spring-boot-2.5.6.jar:2.5.6]
	at tn.esprit.spring.FournisseurApplication.main(FournisseurApplication.java:10) [classes/:na]
	at sun.reflect.NativeMethodAccessorImpl.invoke0(Native Method) ~[na:1.8.0_45]
	at sun.reflect.NativeMethodAccessorImpl.invoke(Unknown Source) ~[na:1.8.0_45]
	at sun.reflect.DelegatingMethodAccessorImpl.invoke(Unknown Source) ~[na:1.8.0_45]
	at java.lang.reflect.Method.invoke(Unknown Source) ~[na:1.8.0_45]
	at org.springframework.boot.devtools.restart.RestartLauncher.run(RestartLauncher.java:49) [spring-boot-devtools-2.5.6.jar:2.5.6]
Caused by: java.lang.ClassNotFoundException: javax.persistence.EntityManagerFactory
	at java.net.URLClassLoader.findClass(Unknown Source) ~[na:1.8.0_45]
	at java.lang.ClassLoader.loadClass(Unknown Source) ~[na:1.8.0_45]
	at sun.misc.Launcher$AppClassLoader.loadClass(Unknown Source) ~[na:1.8.0_45]
	at java.lang.ClassLoader.loadClass(Unknown Source) ~[na:1.8.0_45]
	... 18 common frames omitted

2021-10-28 10:57:16.269  INFO 1948 --- [restartedMain] tn.esprit.spring.FournisseurApplication  : Starting FournisseurApplication using Java 1.8.0_45 on DESKTOP-T8A9FGG with PID 1948 (C:\Users\E480\Documents\fournisseur\target\classes started by E480 in C:\Users\E480\Documents\fournisseur)
2021-10-28 10:57:16.270  INFO 1948 --- [restartedMain] tn.esprit.spring.FournisseurApplication  : No active profile set, falling back to default profiles: default
2021-10-28 10:57:16.348  INFO 1948 --- [restartedMain] .e.DevToolsPropertyDefaultsPostProcessor : Devtools property defaults active! Set 'spring.devtools.add-properties' to 'false' to disable
2021-10-28 10:57:16.348  INFO 1948 --- [restartedMain] .e.DevToolsPropertyDefaultsPostProcessor : For additional web related logging consider setting the 'logging.level.web' property to 'DEBUG'
2021-10-28 10:57:17.158  INFO 1948 --- [restartedMain] .s.d.r.c.RepositoryConfigurationDelegate : Bootstrapping Spring Data JPA repositories in DEFAULT mode.
2021-10-28 10:57:17.230  INFO 1948 --- [restartedMain] .s.d.r.c.RepositoryConfigurationDelegate : Finished Spring Data repository scanning in 58 ms. Found 1 JPA repository interfaces.
2021-10-28 10:57:17.550 ERROR 1948 --- [restartedMain] o.s.boot.SpringApplication               : Application run failed

java.lang.NoClassDefFoundError: javax/persistence/EntityManagerFactory
	at org.springframework.data.jpa.util.BeanDefinitionUtils.<clinit>(BeanDefinitionUtils.java:57) ~[spring-data-jpa-2.5.6.jar:2.5.6]
	at org.springframework.data.jpa.repository.support.EntityManagerBeanDefinitionRegistrarPostProcessor.postProcessBeanFactory(EntityManagerBeanDefinitionRegistrarPostProcessor.java:71) ~[spring-data-jpa-2.5.6.jar:2.5.6]
	at org.springframework.context.support.PostProcessorRegistrationDelegate.invokeBeanFactoryPostProcessors(PostProcessorRegistrationDelegate.java:325) ~[spring-context-5.3.12.jar:5.3.12]
	at org.springframework.context.support.PostProcessorRegistrationDelegate.invokeBeanFactoryPostProcessors(PostProcessorRegistrationDelegate.java:191) ~[spring-context-5.3.12.jar:5.3.12]
	at org.springframework.context.support.AbstractApplicationContext.invokeBeanFactoryPostProcessors(AbstractApplicationContext.java:746) ~[spring-context-5.3.12.jar:5.3.12]
	at org.springframework.context.support.AbstractApplicationContext.refresh(AbstractApplicationContext.java:564) ~[spring-context-5.3.12.jar:5.3.12]
	at org.springframework.boot.web.servlet.context.ServletWebServerApplicationContext.refresh(ServletWebServerApplicationContext.java:145) ~[spring-boot-2.5.6.jar:2.5.6]
	at org.springframework.boot.SpringApplication.refresh(SpringApplication.java:754) [spring-boot-2.5.6.jar:2.5.6]
	at org.springframework.boot.SpringApplication.refreshContext(SpringApplication.java:434) [spring-boot-2.5.6.jar:2.5.6]
	at org.springframework.boot.SpringApplication.run(SpringApplication.java:338) [spring-boot-2.5.6.jar:2.5.6]
	at org.springframework.boot.SpringApplication.run(SpringApplication.java:1343) [spring-boot-2.5.6.jar:2.5.6]
	at org.springframework.boot.SpringApplication.run(SpringApplication.java:1332) [spring-boot-2.5.6.jar:2.5.6]
	at tn.esprit.spring.FournisseurApplication.main(FournisseurApplication.java:10) [classes/:na]
	at sun.reflect.NativeMethodAccessorImpl.invoke0(Native Method) ~[na:1.8.0_45]
	at sun.reflect.NativeMethodAccessorImpl.invoke(Unknown Source) ~[na:1.8.0_45]
	at sun.reflect.DelegatingMethodAccessorImpl.invoke(Unknown Source) ~[na:1.8.0_45]
	at java.lang.reflect.Method.invoke(Unknown Source) ~[na:1.8.0_45]
	at org.springframework.boot.devtools.restart.RestartLauncher.run(RestartLauncher.java:49) [spring-boot-devtools-2.5.6.jar:2.5.6]
Caused by: java.lang.ClassNotFoundException: javax.persistence.EntityManagerFactory
	at java.net.URLClassLoader.findClass(Unknown Source) ~[na:1.8.0_45]
	at java.lang.ClassLoader.loadClass(Unknown Source) ~[na:1.8.0_45]
	at sun.misc.Launcher$AppClassLoader.loadClass(Unknown Source) ~[na:1.8.0_45]
	at java.lang.ClassLoader.loadClass(Unknown Source) ~[na:1.8.0_45]
	... 18 common frames omitted

2021-10-28 10:59:40.288  INFO 9832 --- [restartedMain] tn.esprit.spring.FournisseurApplication  : Starting FournisseurApplication using Java 1.8.0_45 on DESKTOP-T8A9FGG with PID 9832 (C:\Users\E480\Documents\fournisseur\target\classes started by E480 in C:\Users\E480\Documents\fournisseur)
2021-10-28 10:59:40.290  INFO 9832 --- [restartedMain] tn.esprit.spring.FournisseurApplication  : No active profile set, falling back to default profiles: default
2021-10-28 10:59:40.371  INFO 9832 --- [restartedMain] .e.DevToolsPropertyDefaultsPostProcessor : Devtools property defaults active! Set 'spring.devtools.add-properties' to 'false' to disable
2021-10-28 10:59:40.371  INFO 9832 --- [restartedMain] .e.DevToolsPropertyDefaultsPostProcessor : For additional web related logging consider setting the 'logging.level.web' property to 'DEBUG'
2021-10-28 10:59:41.181  INFO 9832 --- [restartedMain] .s.d.r.c.RepositoryConfigurationDelegate : Bootstrapping Spring Data JPA repositories in DEFAULT mode.
2021-10-28 10:59:41.273  INFO 9832 --- [restartedMain] .s.d.r.c.RepositoryConfigurationDelegate : Finished Spring Data repository scanning in 79 ms. Found 1 JPA repository interfaces.
2021-10-28 10:59:41.641 ERROR 9832 --- [restartedMain] o.s.boot.SpringApplication               : Application run failed

java.lang.NoClassDefFoundError: javax/persistence/EntityManagerFactory
	at org.springframework.data.jpa.util.BeanDefinitionUtils.<clinit>(BeanDefinitionUtils.java:57) ~[spring-data-jpa-2.5.6.jar:2.5.6]
	at org.springframework.data.jpa.repository.support.EntityManagerBeanDefinitionRegistrarPostProcessor.postProcessBeanFactory(EntityManagerBeanDefinitionRegistrarPostProcessor.java:71) ~[spring-data-jpa-2.5.6.jar:2.5.6]
	at org.springframework.context.support.PostProcessorRegistrationDelegate.invokeBeanFactoryPostProcessors(PostProcessorRegistrationDelegate.java:325) ~[spring-context-5.3.12.jar:5.3.12]
	at org.springframework.context.support.PostProcessorRegistrationDelegate.invokeBeanFactoryPostProcessors(PostProcessorRegistrationDelegate.java:191) ~[spring-context-5.3.12.jar:5.3.12]
	at org.springframework.context.support.AbstractApplicationContext.invokeBeanFactoryPostProcessors(AbstractApplicationContext.java:746) ~[spring-context-5.3.12.jar:5.3.12]
	at org.springframework.context.support.AbstractApplicationContext.refresh(AbstractApplicationContext.java:564) ~[spring-context-5.3.12.jar:5.3.12]
	at org.springframework.boot.web.servlet.context.ServletWebServerApplicationContext.refresh(ServletWebServerApplicationContext.java:145) ~[spring-boot-2.5.6.jar:2.5.6]
	at org.springframework.boot.SpringApplication.refresh(SpringApplication.java:754) [spring-boot-2.5.6.jar:2.5.6]
	at org.springframework.boot.SpringApplication.refreshContext(SpringApplication.java:434) [spring-boot-2.5.6.jar:2.5.6]
	at org.springframework.boot.SpringApplication.run(SpringApplication.java:338) [spring-boot-2.5.6.jar:2.5.6]
	at org.springframework.boot.SpringApplication.run(SpringApplication.java:1343) [spring-boot-2.5.6.jar:2.5.6]
	at org.springframework.boot.SpringApplication.run(SpringApplication.java:1332) [spring-boot-2.5.6.jar:2.5.6]
	at tn.esprit.spring.FournisseurApplication.main(FournisseurApplication.java:10) [classes/:na]
	at sun.reflect.NativeMethodAccessorImpl.invoke0(Native Method) ~[na:1.8.0_45]
	at sun.reflect.NativeMethodAccessorImpl.invoke(Unknown Source) ~[na:1.8.0_45]
	at sun.reflect.DelegatingMethodAccessorImpl.invoke(Unknown Source) ~[na:1.8.0_45]
	at java.lang.reflect.Method.invoke(Unknown Source) ~[na:1.8.0_45]
	at org.springframework.boot.devtools.restart.RestartLauncher.run(RestartLauncher.java:49) [spring-boot-devtools-2.5.6.jar:2.5.6]
Caused by: java.lang.ClassNotFoundException: javax.persistence.EntityManagerFactory
	at java.net.URLClassLoader.findClass(Unknown Source) ~[na:1.8.0_45]
	at java.lang.ClassLoader.loadClass(Unknown Source) ~[na:1.8.0_45]
	at sun.misc.Launcher$AppClassLoader.loadClass(Unknown Source) ~[na:1.8.0_45]
	at java.lang.ClassLoader.loadClass(Unknown Source) ~[na:1.8.0_45]
	... 18 common frames omitted

2021-10-28 11:26:46.153  INFO 10536 --- [restartedMain] tn.esprit.spring.FournisseurApplication  : Starting FournisseurApplication using Java 1.8.0_45 on DESKTOP-T8A9FGG with PID 10536 (C:\Users\E480\Documents\fournisseur\target\classes started by E480 in C:\Users\E480\Documents\fournisseur)
2021-10-28 11:26:46.155  INFO 10536 --- [restartedMain] tn.esprit.spring.FournisseurApplication  : No active profile set, falling back to default profiles: default
2021-10-28 11:26:46.233  INFO 10536 --- [restartedMain] .e.DevToolsPropertyDefaultsPostProcessor : Devtools property defaults active! Set 'spring.devtools.add-properties' to 'false' to disable
2021-10-28 11:26:46.234  INFO 10536 --- [restartedMain] .e.DevToolsPropertyDefaultsPostProcessor : For additional web related logging consider setting the 'logging.level.web' property to 'DEBUG'
2021-10-28 11:26:47.056  INFO 10536 --- [restartedMain] .s.d.r.c.RepositoryConfigurationDelegate : Bootstrapping Spring Data JPA repositories in DEFAULT mode.
2021-10-28 11:26:47.148  INFO 10536 --- [restartedMain] .s.d.r.c.RepositoryConfigurationDelegate : Finished Spring Data repository scanning in 78 ms. Found 1 JPA repository interfaces.
2021-10-28 11:26:47.556 ERROR 10536 --- [restartedMain] o.s.boot.SpringApplication               : Application run failed

java.lang.NoClassDefFoundError: javax/persistence/EntityManagerFactory
	at org.springframework.data.jpa.util.BeanDefinitionUtils.<clinit>(BeanDefinitionUtils.java:57) ~[spring-data-jpa-2.5.6.jar:2.5.6]
	at org.springframework.data.jpa.repository.support.EntityManagerBeanDefinitionRegistrarPostProcessor.postProcessBeanFactory(EntityManagerBeanDefinitionRegistrarPostProcessor.java:71) ~[spring-data-jpa-2.5.6.jar:2.5.6]
	at org.springframework.context.support.PostProcessorRegistrationDelegate.invokeBeanFactoryPostProcessors(PostProcessorRegistrationDelegate.java:325) ~[spring-context-5.3.12.jar:5.3.12]
	at org.springframework.context.support.PostProcessorRegistrationDelegate.invokeBeanFactoryPostProcessors(PostProcessorRegistrationDelegate.java:191) ~[spring-context-5.3.12.jar:5.3.12]
	at org.springframework.context.support.AbstractApplicationContext.invokeBeanFactoryPostProcessors(AbstractApplicationContext.java:746) ~[spring-context-5.3.12.jar:5.3.12]
	at org.springframework.context.support.AbstractApplicationContext.refresh(AbstractApplicationContext.java:564) ~[spring-context-5.3.12.jar:5.3.12]
	at org.springframework.boot.web.servlet.context.ServletWebServerApplicationContext.refresh(ServletWebServerApplicationContext.java:145) ~[spring-boot-2.5.6.jar:2.5.6]
	at org.springframework.boot.SpringApplication.refresh(SpringApplication.java:754) [spring-boot-2.5.6.jar:2.5.6]
	at org.springframework.boot.SpringApplication.refreshContext(SpringApplication.java:434) [spring-boot-2.5.6.jar:2.5.6]
	at org.springframework.boot.SpringApplication.run(SpringApplication.java:338) [spring-boot-2.5.6.jar:2.5.6]
	at org.springframework.boot.SpringApplication.run(SpringApplication.java:1343) [spring-boot-2.5.6.jar:2.5.6]
	at org.springframework.boot.SpringApplication.run(SpringApplication.java:1332) [spring-boot-2.5.6.jar:2.5.6]
	at tn.esprit.spring.FournisseurApplication.main(FournisseurApplication.java:10) [classes/:na]
	at sun.reflect.NativeMethodAccessorImpl.invoke0(Native Method) ~[na:1.8.0_45]
	at sun.reflect.NativeMethodAccessorImpl.invoke(Unknown Source) ~[na:1.8.0_45]
	at sun.reflect.DelegatingMethodAccessorImpl.invoke(Unknown Source) ~[na:1.8.0_45]
	at java.lang.reflect.Method.invoke(Unknown Source) ~[na:1.8.0_45]
	at org.springframework.boot.devtools.restart.RestartLauncher.run(RestartLauncher.java:49) [spring-boot-devtools-2.5.6.jar:2.5.6]
Caused by: java.lang.ClassNotFoundException: javax.persistence.EntityManagerFactory
	at java.net.URLClassLoader.findClass(Unknown Source) ~[na:1.8.0_45]
	at java.lang.ClassLoader.loadClass(Unknown Source) ~[na:1.8.0_45]
	at sun.misc.Launcher$AppClassLoader.loadClass(Unknown Source) ~[na:1.8.0_45]
	at java.lang.ClassLoader.loadClass(Unknown Source) ~[na:1.8.0_45]
	... 18 common frames omitted

